<?xml version="1.0" encoding="UTF-8"?>
<!-- Generated by org.testng.reporters.JUnitReportReporter -->
<testsuite hostname="judy" failures="0" tests="4" name="tests.LoginTest" time="35.629" errors="0" timestamp="2026-06-23T16:07:01 EEST" skipped="0">
  <testcase classname="tests.LoginTest" name="testRegisterUser" time="7.968"/>
  <testcase classname="tests.LoginTest" name="testLoginIncorrect" time="8.878"/>
  <testcase classname="tests.LoginTest" name="testLoginCorrect" time="7.665"/>
  <testcase classname="tests.LoginTest" name="testLogoutUser" time="11.118"/>
</testsuite> <!-- tests.LoginTest -->
